<?xml version="1.0" encoding="UTF-8"?>
<testsuite xmlns:xsi="http://www.w3.org/2001/XMLSchema-instance" xsi:noNamespaceSchemaLocation="https://maven.apache.org/surefire/maven-surefire-plugin/xsd/surefire-test-report.xsd" name="com.example.hospitalmanage.HospitalManageApplicationTests" time="0.181" tests="1" errors="1" skipped="0" failures="0">
  <properties>
    <property name="sun.desktop" value="windows"/>
    <property name="awt.toolkit" value="sun.awt.windows.WToolkit"/>
    <property name="file.encoding.pkg" value="sun.io"/>
    <property name="java.specification.version" value="1.8"/>
    <property name="sun.cpu.isalist" value="amd64"/>
    <property name="sun.jnu.encoding" value="GBK"/>
    <property name="java.class.path" value="E:\workspace\Idea_workspace\current-projects\github_repositories\shangyitong\yygh-parent\hospital-manage\target\test-classes;E:\workspace\Idea_workspace\current-projects\github_repositories\shangyitong\yygh-parent\hospital-manage\target\classes;D:\maven-repo\repo\org\springframework\boot\spring-boot-starter-web\2.2.1.RELEASE\spring-boot-starter-web-2.2.1.RELEASE.jar;D:\maven-repo\repo\org\springframework\boot\spring-boot-starter\2.2.1.RELEASE\spring-boot-starter-2.2.1.RELEASE.jar;D:\maven-repo\repo\org\springframework\boot\spring-boot-starter-logging\2.2.1.RELEASE\spring-boot-starter-logging-2.2.1.RELEASE.jar;D:\maven-repo\repo\ch\qos\logback\logback-classic\1.2.3\logback-classic-1.2.3.jar;D:\maven-repo\repo\ch\qos\logback\logback-core\1.2.3\logback-core-1.2.3.jar;D:\maven-repo\repo\org\apache\logging\log4j\log4j-to-slf4j\2.12.1\log4j-to-slf4j-2.12.1.jar;D:\maven-repo\repo\org\apache\logging\log4j\log4j-api\2.12.1\log4j-api-2.12.1.jar;D:\maven-repo\repo\org\slf4j\jul-to-slf4j\1.7.29\jul-to-slf4j-1.7.29.jar;D:\maven-repo\repo\jakarta\annotation\jakarta.annotation-api\1.3.5\jakarta.annotation-api-1.3.5.jar;D:\maven-repo\repo\org\yaml\snakeyaml\1.25\snakeyaml-1.25.jar;D:\maven-repo\repo\org\springframework\boot\spring-boot-starter-json\2.2.1.RELEASE\spring-boot-starter-json-2.2.1.RELEASE.jar;D:\maven-repo\repo\com\fasterxml\jackson\core\jackson-databind\2.10.0\jackson-databind-2.10.0.jar;D:\maven-repo\repo\com\fasterxml\jackson\core\jackson-core\2.10.0\jackson-core-2.10.0.jar;D:\maven-repo\repo\com\fasterxml\jackson\datatype\jackson-datatype-jdk8\2.10.0\jackson-datatype-jdk8-2.10.0.jar;D:\maven-repo\repo\com\fasterxml\jackson\datatype\jackson-datatype-jsr310\2.10.0\jackson-datatype-jsr310-2.10.0.jar;D:\maven-repo\repo\com\fasterxml\jackson\module\jackson-module-parameter-names\2.10.0\jackson-module-parameter-names-2.10.0.jar;D:\maven-repo\repo\org\springframework\boot\spring-boot-starter-tomcat\2.2.1.RELEASE\spring-boot-starter-tomcat-2.2.1.RELEASE.jar;D:\maven-repo\repo\org\apache\tomcat\embed\tomcat-embed-core\9.0.27\tomcat-embed-core-9.0.27.jar;D:\maven-repo\repo\org\apache\tomcat\embed\tomcat-embed-el\9.0.27\tomcat-embed-el-9.0.27.jar;D:\maven-repo\repo\org\apache\tomcat\embed\tomcat-embed-websocket\9.0.27\tomcat-embed-websocket-9.0.27.jar;D:\maven-repo\repo\org\springframework\boot\spring-boot-starter-validation\2.2.1.RELEASE\spring-boot-starter-validation-2.2.1.RELEASE.jar;D:\maven-repo\repo\jakarta\validation\jakarta.validation-api\2.0.1\jakarta.validation-api-2.0.1.jar;D:\maven-repo\repo\org\hibernate\validator\hibernate-validator\6.0.18.Final\hibernate-validator-6.0.18.Final.jar;D:\maven-repo\repo\org\jboss\logging\jboss-logging\3.4.1.Final\jboss-logging-3.4.1.Final.jar;D:\maven-repo\repo\org\springframework\spring-web\5.2.1.RELEASE\spring-web-5.2.1.RELEASE.jar;D:\maven-repo\repo\org\springframework\spring-beans\5.2.1.RELEASE\spring-beans-5.2.1.RELEASE.jar;D:\maven-repo\repo\org\springframework\spring-webmvc\5.2.1.RELEASE\spring-webmvc-5.2.1.RELEASE.jar;D:\maven-repo\repo\org\springframework\spring-aop\5.2.1.RELEASE\spring-aop-5.2.1.RELEASE.jar;D:\maven-repo\repo\org\springframework\spring-context\5.2.1.RELEASE\spring-context-5.2.1.RELEASE.jar;D:\maven-repo\repo\org\springframework\spring-expression\5.2.1.RELEASE\spring-expression-5.2.1.RELEASE.jar;D:\maven-repo\repo\com\baomidou\mybatis-plus-boot-starter\3.0.5\mybatis-plus-boot-starter-3.0.5.jar;D:\maven-repo\repo\com\baomidou\mybatis-plus\3.0.5\mybatis-plus-3.0.5.jar;D:\maven-repo\repo\com\baomidou\mybatis-plus-extension\3.0.5\mybatis-plus-extension-3.0.5.jar;D:\maven-repo\repo\com\baomidou\mybatis-plus-core\3.0.5\mybatis-plus-core-3.0.5.jar;D:\maven-repo\repo\com\baomidou\mybatis-plus-annotation\3.0.5\mybatis-plus-annotation-3.0.5.jar;D:\maven-repo\repo\com\github\jsqlparser\jsqlparser\1.2\jsqlparser-1.2.jar;D:\maven-repo\repo\org\mybatis\mybatis-spring\1.3.2\mybatis-spring-1.3.2.jar;D:\maven-repo\repo\org\mybatis\mybatis\3.4.6\mybatis-3.4.6.jar;D:\maven-repo\repo\com\baomidou\mybatis-plus-generator\3.0.5\mybatis-plus-generator-3.0.5.jar;D:\maven-repo\repo\org\springframework\boot\spring-boot-autoconfigure\2.2.1.RELEASE\spring-boot-autoconfigure-2.2.1.RELEASE.jar;D:\maven-repo\repo\org\springframework\boot\spring-boot-starter-jdbc\2.2.1.RELEASE\spring-boot-starter-jdbc-2.2.1.RELEASE.jar;D:\maven-repo\repo\com\zaxxer\HikariCP\3.4.1\HikariCP-3.4.1.jar;D:\maven-repo\repo\org\springframework\spring-jdbc\5.2.1.RELEASE\spring-jdbc-5.2.1.RELEASE.jar;D:\maven-repo\repo\org\springframework\boot\spring-boot-configuration-processor\2.2.1.RELEASE\spring-boot-configuration-processor-2.2.1.RELEASE.jar;D:\maven-repo\repo\mysql\mysql-connector-java\5.1.46\mysql-connector-java-5.1.46.jar;D:\maven-repo\repo\org\projectlombok\lombok\1.18.10\lombok-1.18.10.jar;D:\maven-repo\repo\org\springframework\boot\spring-boot-starter-thymeleaf\2.2.1.RELEASE\spring-boot-starter-thymeleaf-2.2.1.RELEASE.jar;D:\maven-repo\repo\org\thymeleaf\thymeleaf-spring5\3.0.11.RELEASE\thymeleaf-spring5-3.0.11.RELEASE.jar;D:\maven-repo\repo\org\thymeleaf\thymeleaf\3.0.11.RELEASE\thymeleaf-3.0.11.RELEASE.jar;D:\maven-repo\repo\org\attoparser\attoparser\2.0.5.RELEASE\attoparser-2.0.5.RELEASE.jar;D:\maven-repo\repo\org\unbescape\unbescape\1.1.6.RELEASE\unbescape-1.1.6.RELEASE.jar;D:\maven-repo\repo\org\thymeleaf\extras\thymeleaf-extras-java8time\3.0.4.RELEASE\thymeleaf-extras-java8time-3.0.4.RELEASE.jar;D:\maven-repo\repo\com\alibaba\fastjson\1.2.29\fastjson-1.2.29.jar;D:\maven-repo\repo\io\springfox\springfox-swagger2\2.7.0\springfox-swagger2-2.7.0.jar;D:\maven-repo\repo\io\swagger\swagger-annotations\1.5.13\swagger-annotations-1.5.13.jar;D:\maven-repo\repo\io\swagger\swagger-models\1.5.13\swagger-models-1.5.13.jar;D:\maven-repo\repo\com\fasterxml\jackson\core\jackson-annotations\2.10.0\jackson-annotations-2.10.0.jar;D:\maven-repo\repo\io\springfox\springfox-spi\2.7.0\springfox-spi-2.7.0.jar;D:\maven-repo\repo\io\springfox\springfox-core\2.7.0\springfox-core-2.7.0.jar;D:\maven-repo\repo\io\springfox\springfox-schema\2.7.0\springfox-schema-2.7.0.jar;D:\maven-repo\repo\io\springfox\springfox-swagger-common\2.7.0\springfox-swagger-common-2.7.0.jar;D:\maven-repo\repo\io\springfox\springfox-spring-web\2.7.0\springfox-spring-web-2.7.0.jar;D:\maven-repo\repo\org\reflections\reflections\0.9.11\reflections-0.9.11.jar;D:\maven-repo\repo\org\javassist\javassist\3.21.0-GA\javassist-3.21.0-GA.jar;D:\maven-repo\repo\com\google\guava\guava\18.0\guava-18.0.jar;D:\maven-repo\repo\com\fasterxml\classmate\1.5.1\classmate-1.5.1.jar;D:\maven-repo\repo\org\slf4j\slf4j-api\1.7.29\slf4j-api-1.7.29.jar;D:\maven-repo\repo\org\springframework\plugin\spring-plugin-core\1.2.0.RELEASE\spring-plugin-core-1.2.0.RELEASE.jar;D:\maven-repo\repo\org\springframework\plugin\spring-plugin-metadata\1.2.0.RELEASE\spring-plugin-metadata-1.2.0.RELEASE.jar;D:\maven-repo\repo\org\mapstruct\mapstruct\1.1.0.Final\mapstruct-1.1.0.Final.jar;D:\maven-repo\repo\io\springfox\springfox-swagger-ui\2.7.0\springfox-swagger-ui-2.7.0.jar;D:\maven-repo\repo\org\springframework\boot\spring-boot-devtools\2.2.1.RELEASE\spring-boot-devtools-2.2.1.RELEASE.jar;D:\maven-repo\repo\org\springframework\boot\spring-boot\2.2.1.RELEASE\spring-boot-2.2.1.RELEASE.jar;D:\maven-repo\repo\joda-time\joda-time\2.10.5\joda-time-2.10.5.jar;D:\maven-repo\repo\commons-codec\commons-codec\1.13\commons-codec-1.13.jar;D:\maven-repo\repo\org\springframework\boot\spring-boot-starter-data-redis\2.2.1.RELEASE\spring-boot-starter-data-redis-2.2.1.RELEASE.jar;D:\maven-repo\repo\org\springframework\data\spring-data-redis\2.2.1.RELEASE\spring-data-redis-2.2.1.RELEASE.jar;D:\maven-repo\repo\org\springframework\data\spring-data-keyvalue\2.2.1.RELEASE\spring-data-keyvalue-2.2.1.RELEASE.jar;D:\maven-repo\repo\org\springframework\data\spring-data-commons\2.2.1.RELEASE\spring-data-commons-2.2.1.RELEASE.jar;D:\maven-repo\repo\org\springframework\spring-tx\5.2.1.RELEASE\spring-tx-5.2.1.RELEASE.jar;D:\maven-repo\repo\org\springframework\spring-oxm\5.2.1.RELEASE\spring-oxm-5.2.1.RELEASE.jar;D:\maven-repo\repo\org\springframework\spring-context-support\5.2.1.RELEASE\spring-context-support-5.2.1.RELEASE.jar;D:\maven-repo\repo\io\lettuce\lettuce-core\5.2.1.RELEASE\lettuce-core-5.2.1.RELEASE.jar;D:\maven-repo\repo\io\netty\netty-common\4.1.43.Final\netty-common-4.1.43.Final.jar;D:\maven-repo\repo\io\netty\netty-handler\4.1.43.Final\netty-handler-4.1.43.Final.jar;D:\maven-repo\repo\io\netty\netty-buffer\4.1.43.Final\netty-buffer-4.1.43.Final.jar;D:\maven-repo\repo\io\netty\netty-codec\4.1.43.Final\netty-codec-4.1.43.Final.jar;D:\maven-repo\repo\io\netty\netty-transport\4.1.43.Final\netty-transport-4.1.43.Final.jar;D:\maven-repo\repo\io\netty\netty-resolver\4.1.43.Final\netty-resolver-4.1.43.Final.jar;D:\maven-repo\repo\io\projectreactor\reactor-core\3.3.0.RELEASE\reactor-core-3.3.0.RELEASE.jar;D:\maven-repo\repo\org\reactivestreams\reactive-streams\1.0.3\reactive-streams-1.0.3.jar;D:\maven-repo\repo\org\apache\commons\commons-pool2\2.6.0\commons-pool2-2.6.0.jar;D:\maven-repo\repo\org\springframework\boot\spring-boot-starter-test\2.2.1.RELEASE\spring-boot-starter-test-2.2.1.RELEASE.jar;D:\maven-repo\repo\org\springframework\boot\spring-boot-test\2.2.1.RELEASE\spring-boot-test-2.2.1.RELEASE.jar;D:\maven-repo\repo\org\springframework\boot\spring-boot-test-autoconfigure\2.2.1.RELEASE\spring-boot-test-autoconfigure-2.2.1.RELEASE.jar;D:\maven-repo\repo\com\jayway\jsonpath\json-path\2.4.0\json-path-2.4.0.jar;D:\maven-repo\repo\net\minidev\json-smart\2.3\json-smart-2.3.jar;D:\maven-repo\repo\net\minidev\accessors-smart\1.2\accessors-smart-1.2.jar;D:\maven-repo\repo\org\ow2\asm\asm\5.0.4\asm-5.0.4.jar;D:\maven-repo\repo\jakarta\xml\bind\jakarta.xml.bind-api\2.3.2\jakarta.xml.bind-api-2.3.2.jar;D:\maven-repo\repo\jakarta\activation\jakarta.activation-api\1.2.1\jakarta.activation-api-1.2.1.jar;D:\maven-repo\repo\org\junit\jupiter\junit-jupiter\5.5.2\junit-jupiter-5.5.2.jar;D:\maven-repo\repo\org\junit\jupiter\junit-jupiter-api\5.5.2\junit-jupiter-api-5.5.2.jar;D:\maven-repo\repo\org\apiguardian\apiguardian-api\1.1.0\apiguardian-api-1.1.0.jar;D:\maven-repo\repo\org\opentest4j\opentest4j\1.2.0\opentest4j-1.2.0.jar;D:\maven-repo\repo\org\junit\platform\junit-platform-commons\1.5.2\junit-platform-commons-1.5.2.jar;D:\maven-repo\repo\org\junit\jupiter\junit-jupiter-params\5.5.2\junit-jupiter-params-5.5.2.jar;D:\maven-repo\repo\org\junit\jupiter\junit-jupiter-engine\5.5.2\junit-jupiter-engine-5.5.2.jar;D:\maven-repo\repo\org\junit\platform\junit-platform-engine\1.5.2\junit-platform-engine-1.5.2.jar;D:\maven-repo\repo\org\mockito\mockito-junit-jupiter\3.1.0\mockito-junit-jupiter-3.1.0.jar;D:\maven-repo\repo\org\assertj\assertj-core\3.13.2\assertj-core-3.13.2.jar;D:\maven-repo\repo\org\hamcrest\hamcrest\2.1\hamcrest-2.1.jar;D:\maven-repo\repo\org\mockito\mockito-core\3.1.0\mockito-core-3.1.0.jar;D:\maven-repo\repo\net\bytebuddy\byte-buddy\1.10.2\byte-buddy-1.10.2.jar;D:\maven-repo\repo\net\bytebuddy\byte-buddy-agent\1.10.2\byte-buddy-agent-1.10.2.jar;D:\maven-repo\repo\org\objenesis\objenesis\2.6\objenesis-2.6.jar;D:\maven-repo\repo\org\skyscreamer\jsonassert\1.5.0\jsonassert-1.5.0.jar;D:\maven-repo\repo\com\vaadin\external\google\android-json\0.0.20131108.vaadin1\android-json-0.0.20131108.vaadin1.jar;D:\maven-repo\repo\org\springframework\spring-core\5.2.1.RELEASE\spring-core-5.2.1.RELEASE.jar;D:\maven-repo\repo\org\springframework\spring-jcl\5.2.1.RELEASE\spring-jcl-5.2.1.RELEASE.jar;D:\maven-repo\repo\org\springframework\spring-test\5.2.1.RELEASE\spring-test-5.2.1.RELEASE.jar;D:\maven-repo\repo\org\xmlunit\xmlunit-core\2.6.3\xmlunit-core-2.6.3.jar;"/>
    <property name="java.vm.vendor" value="Oracle Corporation"/>
    <property name="sun.arch.data.model" value="64"/>
    <property name="user.variant" value=""/>
    <property name="java.vendor.url" value="http://java.oracle.com/"/>
    <property name="user.timezone" value="Asia/Shanghai"/>
    <property name="java.vm.specification.version" value="1.8"/>
    <property name="os.name" value="Windows 10"/>
    <property name="user.country" value="CN"/>
    <property name="sun.java.launcher" value="SUN_STANDARD"/>
    <property name="sun.boot.library.path" value="C:\Program Files\Java\jdk1.8.0_221\jre\bin"/>
    <property name="sun.java.command" value="C:\Users\ADMINI~1\AppData\Local\Temp\surefire7533899310052871942\surefirebooter2283381125160244084.jar C:\Users\Administrator\AppData\Local\Temp\surefire7533899310052871942 2022-10-25T18-28-40_955-jvmRun1 surefire5380682435311497296tmp surefire_02437608683234146439tmp"/>
    <property name="surefire.test.class.path" value="E:\workspace\Idea_workspace\current-projects\github_repositories\shangyitong\yygh-parent\hospital-manage\target\test-classes;E:\workspace\Idea_workspace\current-projects\github_repositories\shangyitong\yygh-parent\hospital-manage\target\classes;D:\maven-repo\repo\org\springframework\boot\spring-boot-starter-web\2.2.1.RELEASE\spring-boot-starter-web-2.2.1.RELEASE.jar;D:\maven-repo\repo\org\springframework\boot\spring-boot-starter\2.2.1.RELEASE\spring-boot-starter-2.2.1.RELEASE.jar;D:\maven-repo\repo\org\springframework\boot\spring-boot-starter-logging\2.2.1.RELEASE\spring-boot-starter-logging-2.2.1.RELEASE.jar;D:\maven-repo\repo\ch\qos\logback\logback-classic\1.2.3\logback-classic-1.2.3.jar;D:\maven-repo\repo\ch\qos\logback\logback-core\1.2.3\logback-core-1.2.3.jar;D:\maven-repo\repo\org\apache\logging\log4j\log4j-to-slf4j\2.12.1\log4j-to-slf4j-2.12.1.jar;D:\maven-repo\repo\org\apache\logging\log4j\log4j-api\2.12.1\log4j-api-2.12.1.jar;D:\maven-repo\repo\org\slf4j\jul-to-slf4j\1.7.29\jul-to-slf4j-1.7.29.jar;D:\maven-repo\repo\jakarta\annotation\jakarta.annotation-api\1.3.5\jakarta.annotation-api-1.3.5.jar;D:\maven-repo\repo\org\yaml\snakeyaml\1.25\snakeyaml-1.25.jar;D:\maven-repo\repo\org\springframework\boot\spring-boot-starter-json\2.2.1.RELEASE\spring-boot-starter-json-2.2.1.RELEASE.jar;D:\maven-repo\repo\com\fasterxml\jackson\core\jackson-databind\2.10.0\jackson-databind-2.10.0.jar;D:\maven-repo\repo\com\fasterxml\jackson\core\jackson-core\2.10.0\jackson-core-2.10.0.jar;D:\maven-repo\repo\com\fasterxml\jackson\datatype\jackson-datatype-jdk8\2.10.0\jackson-datatype-jdk8-2.10.0.jar;D:\maven-repo\repo\com\fasterxml\jackson\datatype\jackson-datatype-jsr310\2.10.0\jackson-datatype-jsr310-2.10.0.jar;D:\maven-repo\repo\com\fasterxml\jackson\module\jackson-module-parameter-names\2.10.0\jackson-module-parameter-names-2.10.0.jar;D:\maven-repo\repo\org\springframework\boot\spring-boot-starter-tomcat\2.2.1.RELEASE\spring-boot-starter-tomcat-2.2.1.RELEASE.jar;D:\maven-repo\repo\org\apache\tomcat\embed\tomcat-embed-core\9.0.27\tomcat-embed-core-9.0.27.jar;D:\maven-repo\repo\org\apache\tomcat\embed\tomcat-embed-el\9.0.27\tomcat-embed-el-9.0.27.jar;D:\maven-repo\repo\org\apache\tomcat\embed\tomcat-embed-websocket\9.0.27\tomcat-embed-websocket-9.0.27.jar;D:\maven-repo\repo\org\springframework\boot\spring-boot-starter-validation\2.2.1.RELEASE\spring-boot-starter-validation-2.2.1.RELEASE.jar;D:\maven-repo\repo\jakarta\validation\jakarta.validation-api\2.0.1\jakarta.validation-api-2.0.1.jar;D:\maven-repo\repo\org\hibernate\validator\hibernate-validator\6.0.18.Final\hibernate-validator-6.0.18.Final.jar;D:\maven-repo\repo\org\jboss\logging\jboss-logging\3.4.1.Final\jboss-logging-3.4.1.Final.jar;D:\maven-repo\repo\org\springframework\spring-web\5.2.1.RELEASE\spring-web-5.2.1.RELEASE.jar;D:\maven-repo\repo\org\springframework\spring-beans\5.2.1.RELEASE\spring-beans-5.2.1.RELEASE.jar;D:\maven-repo\repo\org\springframework\spring-webmvc\5.2.1.RELEASE\spring-webmvc-5.2.1.RELEASE.jar;D:\maven-repo\repo\org\springframework\spring-aop\5.2.1.RELEASE\spring-aop-5.2.1.RELEASE.jar;D:\maven-repo\repo\org\springframework\spring-context\5.2.1.RELEASE\spring-context-5.2.1.RELEASE.jar;D:\maven-repo\repo\org\springframework\spring-expression\5.2.1.RELEASE\spring-expression-5.2.1.RELEASE.jar;D:\maven-repo\repo\com\baomidou\mybatis-plus-boot-starter\3.0.5\mybatis-plus-boot-starter-3.0.5.jar;D:\maven-repo\repo\com\baomidou\mybatis-plus\3.0.5\mybatis-plus-3.0.5.jar;D:\maven-repo\repo\com\baomidou\mybatis-plus-extension\3.0.5\mybatis-plus-extension-3.0.5.jar;D:\maven-repo\repo\com\baomidou\mybatis-plus-core\3.0.5\mybatis-plus-core-3.0.5.jar;D:\maven-repo\repo\com\baomidou\mybatis-plus-annotation\3.0.5\mybatis-plus-annotation-3.0.5.jar;D:\maven-repo\repo\com\github\jsqlparser\jsqlparser\1.2\jsqlparser-1.2.jar;D:\maven-repo\repo\org\mybatis\mybatis-spring\1.3.2\mybatis-spring-1.3.2.jar;D:\maven-repo\repo\org\mybatis\mybatis\3.4.6\mybatis-3.4.6.jar;D:\maven-repo\repo\com\baomidou\mybatis-plus-generator\3.0.5\mybatis-plus-generator-3.0.5.jar;D:\maven-repo\repo\org\springframework\boot\spring-boot-autoconfigure\2.2.1.RELEASE\spring-boot-autoconfigure-2.2.1.RELEASE.jar;D:\maven-repo\repo\org\springframework\boot\spring-boot-starter-jdbc\2.2.1.RELEASE\spring-boot-starter-jdbc-2.2.1.RELEASE.jar;D:\maven-repo\repo\com\zaxxer\HikariCP\3.4.1\HikariCP-3.4.1.jar;D:\maven-repo\repo\org\springframework\spring-jdbc\5.2.1.RELEASE\spring-jdbc-5.2.1.RELEASE.jar;D:\maven-repo\repo\org\springframework\boot\spring-boot-configuration-processor\2.2.1.RELEASE\spring-boot-configuration-processor-2.2.1.RELEASE.jar;D:\maven-repo\repo\mysql\mysql-connector-java\5.1.46\mysql-connector-java-5.1.46.jar;D:\maven-repo\repo\org\projectlombok\lombok\1.18.10\lombok-1.18.10.jar;D:\maven-repo\repo\org\springframework\boot\spring-boot-starter-thymeleaf\2.2.1.RELEASE\spring-boot-starter-thymeleaf-2.2.1.RELEASE.jar;D:\maven-repo\repo\org\thymeleaf\thymeleaf-spring5\3.0.11.RELEASE\thymeleaf-spring5-3.0.11.RELEASE.jar;D:\maven-repo\repo\org\thymeleaf\thymeleaf\3.0.11.RELEASE\thymeleaf-3.0.11.RELEASE.jar;D:\maven-repo\repo\org\attoparser\attoparser\2.0.5.RELEASE\attoparser-2.0.5.RELEASE.jar;D:\maven-repo\repo\org\unbescape\unbescape\1.1.6.RELEASE\unbescape-1.1.6.RELEASE.jar;D:\maven-repo\repo\org\thymeleaf\extras\thymeleaf-extras-java8time\3.0.4.RELEASE\thymeleaf-extras-java8time-3.0.4.RELEASE.jar;D:\maven-repo\repo\com\alibaba\fastjson\1.2.29\fastjson-1.2.29.jar;D:\maven-repo\repo\io\springfox\springfox-swagger2\2.7.0\springfox-swagger2-2.7.0.jar;D:\maven-repo\repo\io\swagger\swagger-annotations\1.5.13\swagger-annotations-1.5.13.jar;D:\maven-repo\repo\io\swagger\swagger-models\1.5.13\swagger-models-1.5.13.jar;D:\maven-repo\repo\com\fasterxml\jackson\core\jackson-annotations\2.10.0\jackson-annotations-2.10.0.jar;D:\maven-repo\repo\io\springfox\springfox-spi\2.7.0\springfox-spi-2.7.0.jar;D:\maven-repo\repo\io\springfox\springfox-core\2.7.0\springfox-core-2.7.0.jar;D:\maven-repo\repo\io\springfox\springfox-schema\2.7.0\springfox-schema-2.7.0.jar;D:\maven-repo\repo\io\springfox\springfox-swagger-common\2.7.0\springfox-swagger-common-2.7.0.jar;D:\maven-repo\repo\io\springfox\springfox-spring-web\2.7.0\springfox-spring-web-2.7.0.jar;D:\maven-repo\repo\org\reflections\reflections\0.9.11\reflections-0.9.11.jar;D:\maven-repo\repo\org\javassist\javassist\3.21.0-GA\javassist-3.21.0-GA.jar;D:\maven-repo\repo\com\google\guava\guava\18.0\guava-18.0.jar;D:\maven-repo\repo\com\fasterxml\classmate\1.5.1\classmate-1.5.1.jar;D:\maven-repo\repo\org\slf4j\slf4j-api\1.7.29\slf4j-api-1.7.29.jar;D:\maven-repo\repo\org\springframework\plugin\spring-plugin-core\1.2.0.RELEASE\spring-plugin-core-1.2.0.RELEASE.jar;D:\maven-repo\repo\org\springframework\plugin\spring-plugin-metadata\1.2.0.RELEASE\spring-plugin-metadata-1.2.0.RELEASE.jar;D:\maven-repo\repo\org\mapstruct\mapstruct\1.1.0.Final\mapstruct-1.1.0.Final.jar;D:\maven-repo\repo\io\springfox\springfox-swagger-ui\2.7.0\springfox-swagger-ui-2.7.0.jar;D:\maven-repo\repo\org\springframework\boot\spring-boot-devtools\2.2.1.RELEASE\spring-boot-devtools-2.2.1.RELEASE.jar;D:\maven-repo\repo\org\springframework\boot\spring-boot\2.2.1.RELEASE\spring-boot-2.2.1.RELEASE.jar;D:\maven-repo\repo\joda-time\joda-time\2.10.5\joda-time-2.10.5.jar;D:\maven-repo\repo\commons-codec\commons-codec\1.13\commons-codec-1.13.jar;D:\maven-repo\repo\org\springframework\boot\spring-boot-starter-data-redis\2.2.1.RELEASE\spring-boot-starter-data-redis-2.2.1.RELEASE.jar;D:\maven-repo\repo\org\springframework\data\spring-data-redis\2.2.1.RELEASE\spring-data-redis-2.2.1.RELEASE.jar;D:\maven-repo\repo\org\springframework\data\spring-data-keyvalue\2.2.1.RELEASE\spring-data-keyvalue-2.2.1.RELEASE.jar;D:\maven-repo\repo\org\springframework\data\spring-data-commons\2.2.1.RELEASE\spring-data-commons-2.2.1.RELEASE.jar;D:\maven-repo\repo\org\springframework\spring-tx\5.2.1.RELEASE\spring-tx-5.2.1.RELEASE.jar;D:\maven-repo\repo\org\springframework\spring-oxm\5.2.1.RELEASE\spring-oxm-5.2.1.RELEASE.jar;D:\maven-repo\repo\org\springframework\spring-context-support\5.2.1.RELEASE\spring-context-support-5.2.1.RELEASE.jar;D:\maven-repo\repo\io\lettuce\lettuce-core\5.2.1.RELEASE\lettuce-core-5.2.1.RELEASE.jar;D:\maven-repo\repo\io\netty\netty-common\4.1.43.Final\netty-common-4.1.43.Final.jar;D:\maven-repo\repo\io\netty\netty-handler\4.1.43.Final\netty-handler-4.1.43.Final.jar;D:\maven-repo\repo\io\netty\netty-buffer\4.1.43.Final\netty-buffer-4.1.43.Final.jar;D:\maven-repo\repo\io\netty\netty-codec\4.1.43.Final\netty-codec-4.1.43.Final.jar;D:\maven-repo\repo\io\netty\netty-transport\4.1.43.Final\netty-transport-4.1.43.Final.jar;D:\maven-repo\repo\io\netty\netty-resolver\4.1.43.Final\netty-resolver-4.1.43.Final.jar;D:\maven-repo\repo\io\projectreactor\reactor-core\3.3.0.RELEASE\reactor-core-3.3.0.RELEASE.jar;D:\maven-repo\repo\org\reactivestreams\reactive-streams\1.0.3\reactive-streams-1.0.3.jar;D:\maven-repo\repo\org\apache\commons\commons-pool2\2.6.0\commons-pool2-2.6.0.jar;D:\maven-repo\repo\org\springframework\boot\spring-boot-starter-test\2.2.1.RELEASE\spring-boot-starter-test-2.2.1.RELEASE.jar;D:\maven-repo\repo\org\springframework\boot\spring-boot-test\2.2.1.RELEASE\spring-boot-test-2.2.1.RELEASE.jar;D:\maven-repo\repo\org\springframework\boot\spring-boot-test-autoconfigure\2.2.1.RELEASE\spring-boot-test-autoconfigure-2.2.1.RELEASE.jar;D:\maven-repo\repo\com\jayway\jsonpath\json-path\2.4.0\json-path-2.4.0.jar;D:\maven-repo\repo\net\minidev\json-smart\2.3\json-smart-2.3.jar;D:\maven-repo\repo\net\minidev\accessors-smart\1.2\accessors-smart-1.2.jar;D:\maven-repo\repo\org\ow2\asm\asm\5.0.4\asm-5.0.4.jar;D:\maven-repo\repo\jakarta\xml\bind\jakarta.xml.bind-api\2.3.2\jakarta.xml.bind-api-2.3.2.jar;D:\maven-repo\repo\jakarta\activation\jakarta.activation-api\1.2.1\jakarta.activation-api-1.2.1.jar;D:\maven-repo\repo\org\junit\jupiter\junit-jupiter\5.5.2\junit-jupiter-5.5.2.jar;D:\maven-repo\repo\org\junit\jupiter\junit-jupiter-api\5.5.2\junit-jupiter-api-5.5.2.jar;D:\maven-repo\repo\org\apiguardian\apiguardian-api\1.1.0\apiguardian-api-1.1.0.jar;D:\maven-repo\repo\org\opentest4j\opentest4j\1.2.0\opentest4j-1.2.0.jar;D:\maven-repo\repo\org\junit\platform\junit-platform-commons\1.5.2\junit-platform-commons-1.5.2.jar;D:\maven-repo\repo\org\junit\jupiter\junit-jupiter-params\5.5.2\junit-jupiter-params-5.5.2.jar;D:\maven-repo\repo\org\junit\jupiter\junit-jupiter-engine\5.5.2\junit-jupiter-engine-5.5.2.jar;D:\maven-repo\repo\org\junit\platform\junit-platform-engine\1.5.2\junit-platform-engine-1.5.2.jar;D:\maven-repo\repo\org\mockito\mockito-junit-jupiter\3.1.0\mockito-junit-jupiter-3.1.0.jar;D:\maven-repo\repo\org\assertj\assertj-core\3.13.2\assertj-core-3.13.2.jar;D:\maven-repo\repo\org\hamcrest\hamcrest\2.1\hamcrest-2.1.jar;D:\maven-repo\repo\org\mockito\mockito-core\3.1.0\mockito-core-3.1.0.jar;D:\maven-repo\repo\net\bytebuddy\byte-buddy\1.10.2\byte-buddy-1.10.2.jar;D:\maven-repo\repo\net\bytebuddy\byte-buddy-agent\1.10.2\byte-buddy-agent-1.10.2.jar;D:\maven-repo\repo\org\objenesis\objenesis\2.6\objenesis-2.6.jar;D:\maven-repo\repo\org\skyscreamer\jsonassert\1.5.0\jsonassert-1.5.0.jar;D:\maven-repo\repo\com\vaadin\external\google\android-json\0.0.20131108.vaadin1\android-json-0.0.20131108.vaadin1.jar;D:\maven-repo\repo\org\springframework\spring-core\5.2.1.RELEASE\spring-core-5.2.1.RELEASE.jar;D:\maven-repo\repo\org\springframework\spring-jcl\5.2.1.RELEASE\spring-jcl-5.2.1.RELEASE.jar;D:\maven-repo\repo\org\springframework\spring-test\5.2.1.RELEASE\spring-test-5.2.1.RELEASE.jar;D:\maven-repo\repo\org\xmlunit\xmlunit-core\2.6.3\xmlunit-core-2.6.3.jar;"/>
    <property name="sun.cpu.endian" value="little"/>
    <property name="user.home" value="C:\Users\Administrator"/>
    <property name="user.language" value="zh"/>
    <property name="java.specification.vendor" value="Oracle Corporation"/>
    <property name="java.home" value="C:\Program Files\Java\jdk1.8.0_221\jre"/>
    <property name="basedir" value="E:\workspace\Idea_workspace\current-projects\github_repositories\shangyitong\yygh-parent\hospital-manage"/>
    <property name="file.separator" value="\"/>
    <property name="line.separator" value="&#10;"/>
    <property name="java.vm.specification.vendor" value="Oracle Corporation"/>
    <property name="java.specification.name" value="Java Platform API Specification"/>
    <property name="java.awt.graphicsenv" value="sun.awt.Win32GraphicsEnvironment"/>
    <property name="surefire.real.class.path" value="C:\Users\ADMINI~1\AppData\Local\Temp\surefire7533899310052871942\surefirebooter2283381125160244084.jar"/>
    <property name="sun.boot.class.path" value="C:\Program Files\Java\jdk1.8.0_221\jre\lib\resources.jar;C:\Program Files\Java\jdk1.8.0_221\jre\lib\rt.jar;C:\Program Files\Java\jdk1.8.0_221\jre\lib\sunrsasign.jar;C:\Program Files\Java\jdk1.8.0_221\jre\lib\jsse.jar;C:\Program Files\Java\jdk1.8.0_221\jre\lib\jce.jar;C:\Program Files\Java\jdk1.8.0_221\jre\lib\charsets.jar;C:\Program Files\Java\jdk1.8.0_221\jre\lib\jfr.jar;C:\Program Files\Java\jdk1.8.0_221\jre\classes"/>
    <property name="user.script" value=""/>
    <property name="sun.management.compiler" value="HotSpot 64-Bit Tiered Compilers"/>
    <property name="java.runtime.version" value="1.8.0_221-b11"/>
    <property name="user.name" value="Administrator"/>
    <property name="path.separator" value=";"/>
    <property name="os.version" value="10.0"/>
    <property name="java.endorsed.dirs" value="C:\Program Files\Java\jdk1.8.0_221\jre\lib\endorsed"/>
    <property name="java.runtime.name" value="Java(TM) SE Runtime Environment"/>
    <property name="file.encoding" value="GBK"/>
    <property name="java.vm.name" value="Java HotSpot(TM) 64-Bit Server VM"/>
    <property name="idea.version2020.1" value="true"/>
    <property name="localRepository" value="D:\maven-repo\repo"/>
    <property name="java.vendor.url.bug" value="http://bugreport.sun.com/bugreport/"/>
    <property name="java.io.tmpdir" value="C:\Users\ADMINI~1\AppData\Local\Temp\"/>
    <property name="java.version" value="1.8.0_221"/>
    <property name="user.dir" value="E:\workspace\Idea_workspace\current-projects\github_repositories\shangyitong\yygh-parent\hospital-manage"/>
    <property name="os.arch" value="amd64"/>
    <property name="java.vm.specification.name" value="Java Virtual Machine Specification"/>
    <property name="java.awt.printerjob" value="sun.awt.windows.WPrinterJob"/>
    <property name="sun.os.patch.level" value=""/>
    <property name="java.library.path" value="C:\Program Files\Java\jdk1.8.0_221\jre\bin;C:\WINDOWS\Sun\Java\bin;C:\WINDOWS\system32;C:\WINDOWS;C:\Program Files (x86)\Common Files\Oracle\Java\javapath;D:\Program Files\python\Scripts\;D:\Program Files\python\;C:\ProgramData\Miniconda3;C:\ProgramData\Miniconda3\Library\mingw-w64\bin;C:\ProgramData\Miniconda3\Library\usr\bin;C:\ProgramData\Miniconda3\Library\bin;C:\ProgramData\Miniconda3\Scripts;D:\Program Files\VM\bin\;C:\WINDOWS\system32;C:\WINDOWS;C:\WINDOWS\System32\Wbem;C:\WINDOWS\System32\WindowsPowerShell\v1.0\;C:\WINDOWS\System32\OpenSSH\;C:\Program Files\PuTTY\;C:\Program Files (x86)\NetSarang\Xshell 7\;D:\Program Files\texlive\texlive\2022\bin\win32;D:\maven-repo\apache-maven-3.8.6-bin\apache-maven-3.8.6\bin;D:\Program Files\nodejs\;D:\Program Files\VSCode\Microsoft VS Code\bin;.;C:\Program Files\Java\jdk1.8.0_221\bin;C:\Program Files\Java\jdk1.8.0_221\jre\bin;C:\Users\Administrator\AppData\Roaming\npm;D:\Program Files\nodejs;."/>
    <property name="java.vm.info" value="mixed mode"/>
    <property name="java.vendor" value="Oracle Corporation"/>
    <property name="java.vm.version" value="25.221-b11"/>
    <property name="java.ext.dirs" value="C:\Program Files\Java\jdk1.8.0_221\jre\lib\ext;C:\WINDOWS\Sun\Java\lib\ext"/>
    <property name="sun.io.unicode.encoding" value="UnicodeLittle"/>
    <property name="maven.repo.local" value="D:\maven-repo\repo"/>
    <property name="java.class.version" value="52.0"/>
  </properties>
  <testcase name="com.example.hospitalmanage.HospitalManageApplicationTests" classname="com.example.hospitalmanage.HospitalManageApplicationTests" time="0.18">
    <error message="Unable to find a @SpringBootConfiguration, you need to use @ContextConfiguration or @SpringBootTest(classes=...) with your test" type="java.lang.IllegalStateException">java.lang.IllegalStateException: Unable to find a @SpringBootConfiguration, you need to use @ContextConfiguration or @SpringBootTest(classes=...) with your test
</error>
    <system-out><![CDATA[18:28:41.450 [main] DEBUG org.springframework.test.context.BootstrapUtils - Instantiating CacheAwareContextLoaderDelegate from class [org.springframework.test.context.cache.DefaultCacheAwareContextLoaderDelegate]
18:28:41.459 [main] DEBUG org.springframework.test.context.BootstrapUtils - Instantiating BootstrapContext using constructor [public org.springframework.test.context.support.DefaultBootstrapContext(java.lang.Class,org.springframework.test.context.CacheAwareContextLoaderDelegate)]
18:28:41.478 [main] DEBUG org.springframework.test.context.BootstrapUtils - Instantiating TestContextBootstrapper for test class [com.example.hospitalmanage.HospitalManageApplicationTests] from class [org.springframework.boot.test.context.SpringBootTestContextBootstrapper]
18:28:41.491 [main] INFO org.springframework.boot.test.context.SpringBootTestContextBootstrapper - Neither @ContextConfiguration nor @ContextHierarchy found for test class [com.example.hospitalmanage.HospitalManageApplicationTests], using SpringBootContextLoader
18:28:41.493 [main] DEBUG org.springframework.test.context.support.AbstractContextLoader - Did not detect default resource location for test class [com.example.hospitalmanage.HospitalManageApplicationTests]: class path resource [com/example/hospitalmanage/HospitalManageApplicationTests-context.xml] does not exist
18:28:41.494 [main] DEBUG org.springframework.test.context.support.AbstractContextLoader - Did not detect default resource location for test class [com.example.hospitalmanage.HospitalManageApplicationTests]: class path resource [com/example/hospitalmanage/HospitalManageApplicationTestsContext.groovy] does not exist
18:28:41.494 [main] INFO org.springframework.test.context.support.AbstractContextLoader - Could not detect default resource locations for test class [com.example.hospitalmanage.HospitalManageApplicationTests]: no resource found for suffixes {-context.xml, Context.groovy}.
18:28:41.494 [main] INFO org.springframework.test.context.support.AnnotationConfigContextLoaderUtils - Could not detect default configuration classes for test class [com.example.hospitalmanage.HospitalManageApplicationTests]: HospitalManageApplicationTests does not declare any static, non-private, non-final, nested classes annotated with @Configuration.
18:28:41.520 [main] DEBUG org.springframework.test.context.support.ActiveProfilesUtils - Could not find an 'annotation declaring class' for annotation type [org.springframework.test.context.ActiveProfiles] and class [com.example.hospitalmanage.HospitalManageApplicationTests]
18:28:41.568 [main] DEBUG org.springframework.test.context.BootstrapUtils - Instantiating CacheAwareContextLoaderDelegate from class [org.springframework.test.context.cache.DefaultCacheAwareContextLoaderDelegate]
18:28:41.568 [main] DEBUG org.springframework.test.context.BootstrapUtils - Instantiating BootstrapContext using constructor [public org.springframework.test.context.support.DefaultBootstrapContext(java.lang.Class,org.springframework.test.context.CacheAwareContextLoaderDelegate)]
18:28:41.569 [main] DEBUG org.springframework.test.context.BootstrapUtils - Instantiating TestContextBootstrapper for test class [com.example.hospitalmanage.HospitalManageApplicationTests] from class [org.springframework.boot.test.context.SpringBootTestContextBootstrapper]
18:28:41.569 [main] INFO org.springframework.boot.test.context.SpringBootTestContextBootstrapper - Neither @ContextConfiguration nor @ContextHierarchy found for test class [com.example.hospitalmanage.HospitalManageApplicationTests], using SpringBootContextLoader
18:28:41.570 [main] DEBUG org.springframework.test.context.support.AbstractContextLoader - Did not detect default resource location for test class [com.example.hospitalmanage.HospitalManageApplicationTests]: class path resource [com/example/hospitalmanage/HospitalManageApplicationTests-context.xml] does not exist
18:28:41.570 [main] DEBUG org.springframework.test.context.support.AbstractContextLoader - Did not detect default resource location for test class [com.example.hospitalmanage.HospitalManageApplicationTests]: class path resource [com/example/hospitalmanage/HospitalManageApplicationTestsContext.groovy] does not exist
18:28:41.570 [main] INFO org.springframework.test.context.support.AbstractContextLoader - Could not detect default resource locations for test class [com.example.hospitalmanage.HospitalManageApplicationTests]: no resource found for suffixes {-context.xml, Context.groovy}.
18:28:41.570 [main] INFO org.springframework.test.context.support.AnnotationConfigContextLoaderUtils - Could not detect default configuration classes for test class [com.example.hospitalmanage.HospitalManageApplicationTests]: HospitalManageApplicationTests does not declare any static, non-private, non-final, nested classes annotated with @Configuration.
18:28:41.571 [main] DEBUG org.springframework.test.context.support.ActiveProfilesUtils - Could not find an 'annotation declaring class' for annotation type [org.springframework.test.context.ActiveProfiles] and class [com.example.hospitalmanage.HospitalManageApplicationTests]
18:28:41.587 [main] DEBUG org.springframework.test.context.BootstrapUtils - Instantiating CacheAwareContextLoaderDelegate from class [org.springframework.test.context.cache.DefaultCacheAwareContextLoaderDelegate]
18:28:41.587 [main] DEBUG org.springframework.test.context.BootstrapUtils - Instantiating BootstrapContext using constructor [public org.springframework.test.context.support.DefaultBootstrapContext(java.lang.Class,org.springframework.test.context.CacheAwareContextLoaderDelegate)]
18:28:41.587 [main] DEBUG org.springframework.test.context.BootstrapUtils - Instantiating TestContextBootstrapper for test class [com.example.hospitalmanage.HospitalManageApplicationTests] from class [org.springframework.boot.test.context.SpringBootTestContextBootstrapper]
18:28:41.587 [main] INFO org.springframework.boot.test.context.SpringBootTestContextBootstrapper - Neither @ContextConfiguration nor @ContextHierarchy found for test class [com.example.hospitalmanage.HospitalManageApplicationTests], using SpringBootContextLoader
18:28:41.588 [main] DEBUG org.springframework.test.context.support.AbstractContextLoader - Did not detect default resource location for test class [com.example.hospitalmanage.HospitalManageApplicationTests]: class path resource [com/example/hospitalmanage/HospitalManageApplicationTests-context.xml] does not exist
18:28:41.588 [main] DEBUG org.springframework.test.context.support.AbstractContextLoader - Did not detect default resource location for test class [com.example.hospitalmanage.HospitalManageApplicationTests]: class path resource [com/example/hospitalmanage/HospitalManageApplicationTestsContext.groovy] does not exist
18:28:41.588 [main] INFO org.springframework.test.context.support.AbstractContextLoader - Could not detect default resource locations for test class [com.example.hospitalmanage.HospitalManageApplicationTests]: no resource found for suffixes {-context.xml, Context.groovy}.
18:28:41.588 [main] INFO org.springframework.test.context.support.AnnotationConfigContextLoaderUtils - Could not detect default configuration classes for test class [com.example.hospitalmanage.HospitalManageApplicationTests]: HospitalManageApplicationTests does not declare any static, non-private, non-final, nested classes annotated with @Configuration.
18:28:41.589 [main] DEBUG org.springframework.test.context.support.ActiveProfilesUtils - Could not find an 'annotation declaring class' for annotation type [org.springframework.test.context.ActiveProfiles] and class [com.example.hospitalmanage.HospitalManageApplicationTests]
]]></system-out>
  </testcase>
</testsuite>